<?xml version="1.0" encoding="UTF-8"?>
<testsuite name="gaidadym.javaForTesters.addressbook.tests.ContactPhoneTest" tests="1" skipped="1" failures="0" errors="0" timestamp="2019-07-10T21:01:09" hostname="W10NotActivated" time="0.0">
  <properties/>
  <testcase name="testContactPhones" classname="gaidadym.javaForTesters.addressbook.tests.ContactPhoneTest" time="0.0">
    <skipped/>
  </testcase>
  <system-out><![CDATA[]]></system-out>
  <system-err><![CDATA[]]></system-err>
</testsuite>
